E:\Exercise\DeliveryServiceApp\DeliveryServiceApp\angular\dist\out-tsc\src\app\Service\http.service.js
E:\Exercise\DeliveryServiceApp\DeliveryServiceApp\angular\dist\out-tsc\src\app\Service\http.service.js.map
E:\Exercise\DeliveryServiceApp\DeliveryServiceApp\angular\dist\out-tsc\src\app\Model\order.js
E:\Exercise\DeliveryServiceApp\DeliveryServiceApp\angular\dist\out-tsc\src\app\Model\order.js.map
E:\Exercise\DeliveryServiceApp\DeliveryServiceApp\angular\dist\out-tsc\src\app\Service\delivery.service.js
E:\Exercise\DeliveryServiceApp\DeliveryServiceApp\angular\dist\out-tsc\src\app\Service\delivery.service.js.map
E:\Exercise\DeliveryServiceApp\DeliveryServiceApp\angular\dist\out-tsc\src\app\app.component.js
E:\Exercise\DeliveryServiceApp\DeliveryServiceApp\angular\dist\out-tsc\src\app\app.component.js.map
E:\Exercise\DeliveryServiceApp\DeliveryServiceApp\angular\dist\out-tsc\src\app\app.module.js
E:\Exercise\DeliveryServiceApp\DeliveryServiceApp\angular\dist\out-tsc\src\app\app.module.js.map
E:\Exercise\DeliveryServiceApp\DeliveryServiceApp\angular\dist\out-tsc\src\environments\environment.js
E:\Exercise\DeliveryServiceApp\DeliveryServiceApp\angular\dist\out-tsc\src\environments\environment.js.map
E:\Exercise\DeliveryServiceApp\DeliveryServiceApp\angular\dist\out-tsc\src\main.js
E:\Exercise\DeliveryServiceApp\DeliveryServiceApp\angular\dist\out-tsc\src\main.js.map
E:\Exercise\DeliveryServiceApp\DeliveryServiceApp\angular\dist\out-tsc\src\polyfills.js
E:\Exercise\DeliveryServiceApp\DeliveryServiceApp\angular\dist\out-tsc\src\polyfills.js.map
E:\Exercise\DeliveryServiceApp\DeliveryServiceApp\angular\dist\out-tsc\src\test.js
E:\Exercise\DeliveryServiceApp\DeliveryServiceApp\angular\dist\out-tsc\src\test.js.map
E:\Exercise\DeliveryServiceApp\DeliveryServiceApp\angular\dist\out-tsc\e2e\src\app.po.js
E:\Exercise\DeliveryServiceApp\DeliveryServiceApp\angular\dist\out-tsc\e2e\src\app.po.js.map
E:\Exercise\DeliveryServiceApp\DeliveryServiceApp\angular\dist\out-tsc\e2e\src\app.e2e-spec.js
E:\Exercise\DeliveryServiceApp\DeliveryServiceApp\angular\dist\out-tsc\e2e\src\app.e2e-spec.js.map
E:\Exercise\DeliveryServiceApp\DeliveryServiceApp\angular\dist\out-tsc\src\environments\environment.prod.js
E:\Exercise\DeliveryServiceApp\DeliveryServiceApp\angular\dist\out-tsc\src\environments\environment.prod.js.map
